<?xml version="1.0" encoding="UTF-8"?>
<!-- Generated by org.testng.reporters.JUnitReportReporter -->
<testsuite hostname="LAPTOP-UV01ND17" failures="0" tests="1" name="tests.LoginTest" time="7.460" errors="0" timestamp="2025-07-01T14:17:35 IST" skipped="0">
  <testcase classname="tests.LoginTest" name="testLogin" time="7.460"/>
</testsuite> <!-- tests.LoginTest -->
