<?xml version="1.0" encoding="UTF-8"?>
<!-- Generated by org.testng.reporters.JUnitReportReporter -->
<testsuite hostname="LAPTOP-UV01ND17" failures="0" tests="1" name="tests.ClaimTest" time="9.093" errors="0" timestamp="2025-07-01T14:10:24 IST" skipped="0">
  <testcase classname="tests.ClaimTest" name="assignClaimTest" time="9.093"/>
</testsuite> <!-- tests.ClaimTest -->
