<?xml version="1.0" encoding="UTF-8"?>
<!-- Generated by org.testng.reporters.JUnitReportReporter -->
<testsuite hostname="LAPTOP-UV01ND17" failures="0" tests="1" name="com.test.framework.testng_automation.test01" time="5.323" errors="0" timestamp="2025-06-29T15:57:05 IST" skipped="0">
  <testcase classname="com.test.framework.testng_automation.test01" name="loginTest" time="5.323"/>
  <system-out/>
</testsuite> <!-- com.test.framework.testng_automation.test01 -->
