<?xml version="1.0" encoding="UTF-8"?>
<!-- Generated by org.testng.reporters.JUnitReportReporter -->
<testsuite hostname="LAPTOP-UV01ND17" failures="0" tests="1" name="tests.LoginTest" time="11.200" errors="0" timestamp="2025-07-01T11:47:05 IST" skipped="0">
  <testcase classname="tests.LoginTest" name="testLogin" time="11.200"/>
</testsuite> <!-- tests.LoginTest -->
